<?xml version="1.0" encoding="UTF-8"?>
<!-- Generated by org.testng.reporters.JUnitXMLReporter -->
<testsuite hostname="CMLDRAMACHANDRA" ignored="0" name="Test1" tests="3" failures="1" timestamp="17 Jun 2017 11:01:43 GMT" time="160.449" errors="0">
  <testcase name="createAccount" time="144.579" classname="ParallelExecution.ParallelExectuion3"/>
  <testcase name="openBrower" time="147.908" classname="ParallelExecution.ParallelExecution2">
    <failure type="java.lang.AssertionError" message="expected [expected] but found [Teachers Sri Lanka | Tuition Classes | Education in Sri Lanka]">
      <![CDATA[java.lang.AssertionError: expected [expected] but found [Teachers Sri Lanka | Tuition Classes | Education in Sri Lanka]
	at ParallelExecution.ParallelExecution2.openBrower(ParallelExecution2.java:17)
	at java.util.concurrent.ThreadPoolExecutor.runWorker(Unknown Source)
	at java.util.concurrent.ThreadPoolExecutor$Worker.run(Unknown Source)
	at java.lang.Thread.run(Unknown Source)
... Removed 16 stack frames]]>
    </failure>
  </testcase> <!-- openBrower -->
  <testcase name="openBrower" time="160.422" classname="ParallelExecution.ParallelExecution1"/>
</testsuite> <!-- Test1 -->
