<?xml version="1.0" encoding="UTF-8"?>
<!-- Generated by org.testng.reporters.JUnitXMLReporter -->
<testsuite hostname="CMLDRAMACHANDRA" ignored="1" name="Test" tests="2" failures="0" timestamp="23 Jun 2017 03:54:29 GMT" time="0.082" errors="0">
  <testcase name="testCase2" time="0.021" classname="TestNGFeatures.TestNGGroups"/>
  <testcase name="testCase3" time="0.003" classname="TestNGFeatures.TestNGGroups"/>
  <testcase name="testCase1" time="0.0" classname="TestNGFeatures.TestNGGroups">
    <ignored/>
  </testcase> <!-- testCase1 -->
</testsuite> <!-- Test -->
