<?xml version="1.0" encoding="UTF-8"?>
<testng-results skipped="0" failed="0" ignored="0" total="1" passed="1">
  <reporter-output>
  </reporter-output>
  <suite name="Default suite" duration-ms="54673" started-at="2017-07-11T05:04:29Z" finished-at="2017-07-11T05:05:23Z">
    <groups>
    </groups>
    <test name="Default test" duration-ms="54673" started-at="2017-07-11T05:04:29Z" finished-at="2017-07-11T05:05:23Z">
      <class name="ActionClassExample.PerfomeMouseHover">
        <test-method status="PASS" signature="perfomeMouseHover()[pri:0, instance:ActionClassExample.PerfomeMouseHover@31ef45e3]" name="perfomeMouseHover" duration-ms="54537" started-at="2017-07-11T10:34:29Z" finished-at="2017-07-11T10:35:23Z">
          <reporter-output>
          </reporter-output>
        </test-method> <!-- perfomeMouseHover -->
      </class> <!-- ActionClassExample.PerfomeMouseHover -->
    </test> <!-- Default test -->
  </suite> <!-- Default suite -->
</testng-results>
